0 info it worked if it ends with ok
1 verbose cli [ 'C:\\Program Files\\nodejs\\node.exe',
1 verbose cli   'C:\\Program Files\\nodejs\\node_modules\\npm\\bin\\npm-cli.js',
1 verbose cli   'install',
1 verbose cli   'sleep' ]
2 info using npm@4.1.2
3 info using node@v7.7.2
4 silly loadCurrentTree Starting
5 silly install loadCurrentTree
6 silly install readLocalPackageData
7 silly fetchPackageMetaData sleep
8 silly fetchNamedPackageData sleep
9 silly mapToRegistry name sleep
10 silly mapToRegistry using default registry
11 silly mapToRegistry registry https://registry.npmjs.org/
12 silly mapToRegistry data Result {
12 silly mapToRegistry   raw: 'sleep',
12 silly mapToRegistry   scope: null,
12 silly mapToRegistry   escapedName: 'sleep',
12 silly mapToRegistry   name: 'sleep',
12 silly mapToRegistry   rawSpec: '',
12 silly mapToRegistry   spec: 'latest',
12 silly mapToRegistry   type: 'tag' }
13 silly mapToRegistry uri https://registry.npmjs.org/sleep
14 verbose request uri https://registry.npmjs.org/sleep
15 verbose request no auth needed
16 info attempt registry request try #1 at 1:44:52 PM
17 verbose request id e2fac13cf96fe365
18 http request GET https://registry.npmjs.org/sleep
19 http 200 https://registry.npmjs.org/sleep
20 verbose headers { server: 'nginx/1.10.1',
20 verbose headers   'content-type': 'application/json',
20 verbose headers   'last-modified': 'Tue, 10 Jan 2017 01:39:01 GMT',
20 verbose headers   etag: 'W/"58743b35-520a"',
20 verbose headers   'content-encoding': 'gzip',
20 verbose headers   'cache-control': 'max-age=300',
20 verbose headers   'content-length': '2892',
20 verbose headers   'accept-ranges': 'bytes',
20 verbose headers   date: 'Fri, 17 Mar 2017 08:14:37 GMT',
20 verbose headers   via: '1.1 varnish',
20 verbose headers   age: '242',
20 verbose headers   connection: 'keep-alive',
20 verbose headers   'x-served-by': 'cache-lcy1123-LCY',
20 verbose headers   'x-cache': 'HIT',
20 verbose headers   'x-cache-hits': '1',
20 verbose headers   'x-timer': 'S1489738477.888680,VS0,VE0',
20 verbose headers   vary: 'Accept-Encoding' }
21 silly get cb [ 200,
21 silly get   { server: 'nginx/1.10.1',
21 silly get     'content-type': 'application/json',
21 silly get     'last-modified': 'Tue, 10 Jan 2017 01:39:01 GMT',
21 silly get     etag: 'W/"58743b35-520a"',
21 silly get     'content-encoding': 'gzip',
21 silly get     'cache-control': 'max-age=300',
21 silly get     'content-length': '2892',
21 silly get     'accept-ranges': 'bytes',
21 silly get     date: 'Fri, 17 Mar 2017 08:14:37 GMT',
21 silly get     via: '1.1 varnish',
21 silly get     age: '242',
21 silly get     connection: 'keep-alive',
21 silly get     'x-served-by': 'cache-lcy1123-LCY',
21 silly get     'x-cache': 'HIT',
21 silly get     'x-cache-hits': '1',
21 silly get     'x-timer': 'S1489738477.888680,VS0,VE0',
21 silly get     vary: 'Accept-Encoding' } ]
22 verbose get saving sleep to C:\Users\admin\AppData\Roaming\npm-cache\registry.npmjs.org\sleep\.cache.json
23 verbose correctMkdir C:\Users\admin\AppData\Roaming\npm-cache correctMkdir not in flight; initializing
24 silly install normalizeTree
25 silly loadCurrentTree Finishing
26 silly loadIdealTree Starting
27 silly install loadIdealTree
28 silly cloneCurrentTree Starting
29 silly install cloneCurrentTreeToIdealTree
30 silly cloneCurrentTree Finishing
31 silly loadShrinkwrap Starting
32 silly install loadShrinkwrap
33 silly loadShrinkwrap Finishing
34 silly loadAllDepsIntoIdealTree Starting
35 silly install loadAllDepsIntoIdealTree
36 silly resolveWithNewModule sleep@5.1.0 checking installable status
37 silly cache add args [ 'sleep', null ]
38 verbose cache add spec sleep
39 silly cache add parsed spec Result {
39 silly cache add   raw: 'sleep',
39 silly cache add   scope: null,
39 silly cache add   escapedName: 'sleep',
39 silly cache add   name: 'sleep',
39 silly cache add   rawSpec: '',
39 silly cache add   spec: 'latest',
39 silly cache add   type: 'tag' }
40 silly addNamed sleep@latest
41 verbose addNamed "latest" is being treated as a dist-tag for sleep
42 info addNameTag [ 'sleep', 'latest' ]
43 silly mapToRegistry name sleep
44 silly mapToRegistry using default registry
45 silly mapToRegistry registry https://registry.npmjs.org/
46 silly mapToRegistry data Result {
46 silly mapToRegistry   raw: 'sleep',
46 silly mapToRegistry   scope: null,
46 silly mapToRegistry   escapedName: 'sleep',
46 silly mapToRegistry   name: 'sleep',
46 silly mapToRegistry   rawSpec: '',
46 silly mapToRegistry   spec: 'latest',
46 silly mapToRegistry   type: 'tag' }
47 silly mapToRegistry uri https://registry.npmjs.org/sleep
48 verbose addNameTag registry:https://registry.npmjs.org/sleep not in flight; fetching
49 verbose get https://registry.npmjs.org/sleep not expired, no request
50 silly addNameTag next cb for sleep with tag latest
51 silly addNamed sleep@5.1.0
52 verbose addNamed "5.1.0" is a plain semver version for sleep
53 silly mapToRegistry name sleep
54 silly mapToRegistry using default registry
55 silly mapToRegistry registry https://registry.npmjs.org/
56 silly mapToRegistry data Result {
56 silly mapToRegistry   raw: 'sleep',
56 silly mapToRegistry   scope: null,
56 silly mapToRegistry   escapedName: 'sleep',
56 silly mapToRegistry   name: 'sleep',
56 silly mapToRegistry   rawSpec: '',
56 silly mapToRegistry   spec: 'latest',
56 silly mapToRegistry   type: 'tag' }
57 silly mapToRegistry uri https://registry.npmjs.org/sleep
58 verbose addRemoteTarball https://registry.npmjs.org/sleep/-/sleep-5.1.0.tgz not in flight; adding
59 verbose addRemoteTarball [ 'https://registry.npmjs.org/sleep/-/sleep-5.1.0.tgz',
59 verbose addRemoteTarball   '0e0b16205d9f9e3b0a95357744b103e797b4c7c1' ]
60 info retry fetch attempt 1 at 1:44:53 PM
61 info attempt registry request try #1 at 1:44:53 PM
62 http fetch GET https://registry.npmjs.org/sleep/-/sleep-5.1.0.tgz
63 http fetch 200 https://registry.npmjs.org/sleep/-/sleep-5.1.0.tgz
64 silly fetchAndShaCheck shasum 0e0b16205d9f9e3b0a95357744b103e797b4c7c1
65 verbose addTmpTarball C:\Users\admin\AppData\Local\Temp\npm-4332-1bfee96a\registry.npmjs.org\sleep\-\sleep-5.1.0.tgz not in flight; adding
66 verbose addTmpTarball already have metadata; skipping unpack for sleep@5.1.0
67 verbose correctMkdir C:\Users\admin\AppData\Roaming\npm-cache correctMkdir not in flight; initializing
68 silly cache afterAdd sleep@5.1.0
69 verbose afterAdd C:\Users\admin\AppData\Roaming\npm-cache\sleep\5.1.0\package\package.json not in flight; writing
70 verbose correctMkdir C:\Users\admin\AppData\Roaming\npm-cache correctMkdir not in flight; initializing
71 verbose afterAdd C:\Users\admin\AppData\Roaming\npm-cache\sleep\5.1.0\package\package.json written
72 silly fetchNamedPackageData nan
73 silly mapToRegistry name nan
74 silly mapToRegistry using default registry
75 silly mapToRegistry registry https://registry.npmjs.org/
76 silly mapToRegistry data Result {
76 silly mapToRegistry   raw: 'nan',
76 silly mapToRegistry   scope: null,
76 silly mapToRegistry   escapedName: 'nan',
76 silly mapToRegistry   name: 'nan',
76 silly mapToRegistry   rawSpec: '',
76 silly mapToRegistry   spec: 'latest',
76 silly mapToRegistry   type: 'tag' }
77 silly mapToRegistry uri https://registry.npmjs.org/nan
78 verbose request uri https://registry.npmjs.org/nan
79 verbose request no auth needed
80 info attempt registry request try #1 at 1:44:53 PM
81 verbose etag W/"58a44b6b-1df62"
82 verbose lastModified Wed, 15 Feb 2017 12:36:59 GMT
83 http request GET https://registry.npmjs.org/nan
84 http 304 https://registry.npmjs.org/nan
85 verbose headers { date: 'Fri, 17 Mar 2017 08:14:38 GMT',
85 verbose headers   via: '1.1 varnish',
85 verbose headers   'cache-control': 'max-age=300',
85 verbose headers   etag: 'W/"58a44b6b-1df62"',
85 verbose headers   age: '103',
85 verbose headers   connection: 'keep-alive',
85 verbose headers   'x-served-by': 'cache-lcy1123-LCY',
85 verbose headers   'x-cache': 'HIT',
85 verbose headers   'x-cache-hits': '1',
85 verbose headers   'x-timer': 'S1489738478.292461,VS0,VE0',
85 verbose headers   vary: 'Accept-Encoding' }
86 silly get cb [ 304,
86 silly get   { date: 'Fri, 17 Mar 2017 08:14:38 GMT',
86 silly get     via: '1.1 varnish',
86 silly get     'cache-control': 'max-age=300',
86 silly get     etag: 'W/"58a44b6b-1df62"',
86 silly get     age: '103',
86 silly get     connection: 'keep-alive',
86 silly get     'x-served-by': 'cache-lcy1123-LCY',
86 silly get     'x-cache': 'HIT',
86 silly get     'x-cache-hits': '1',
86 silly get     'x-timer': 'S1489738478.292461,VS0,VE0',
86 silly get     vary: 'Accept-Encoding' } ]
87 verbose etag https://registry.npmjs.org/nan from cache
88 verbose get saving nan to C:\Users\admin\AppData\Roaming\npm-cache\registry.npmjs.org\nan\.cache.json
89 verbose correctMkdir C:\Users\admin\AppData\Roaming\npm-cache correctMkdir not in flight; initializing
90 silly pickManifestFromRegistryMetadata spec >=2.0.0 tag latest versions [ '0.3.0-wip',
90 silly pickManifestFromRegistryMetadata   '0.3.0-wip2',
90 silly pickManifestFromRegistryMetadata   '0.3.0',
90 silly pickManifestFromRegistryMetadata   '0.3.1',
90 silly pickManifestFromRegistryMetadata   '0.3.2',
90 silly pickManifestFromRegistryMetadata   '0.4.0',
90 silly pickManifestFromRegistryMetadata   '0.4.1',
90 silly pickManifestFromRegistryMetadata   '0.4.2',
90 silly pickManifestFromRegistryMetadata   '0.4.3',
90 silly pickManifestFromRegistryMetadata   '0.4.4',
90 silly pickManifestFromRegistryMetadata   '0.5.0',
90 silly pickManifestFromRegistryMetadata   '0.5.1',
90 silly pickManifestFromRegistryMetadata   '0.5.2',
90 silly pickManifestFromRegistryMetadata   '0.6.0',
90 silly pickManifestFromRegistryMetadata   '0.7.0',
90 silly pickManifestFromRegistryMetadata   '0.7.1',
90 silly pickManifestFromRegistryMetadata   '0.8.0',
90 silly pickManifestFromRegistryMetadata   '1.0.0',
90 silly pickManifestFromRegistryMetadata   '1.1.0',
90 silly pickManifestFromRegistryMetadata   '1.1.1',
90 silly pickManifestFromRegistryMetadata   '1.1.2',
90 silly pickManifestFromRegistryMetadata   '1.2.0',
90 silly pickManifestFromRegistryMetadata   '1.3.0',
90 silly pickManifestFromRegistryMetadata   '1.4.0',
90 silly pickManifestFromRegistryMetadata   '1.4.1',
90 silly pickManifestFromRegistryMetadata   '1.5.0',
90 silly pickManifestFromRegistryMetadata   '1.4.2',
90 silly pickManifestFromRegistryMetadata   '1.4.3',
90 silly pickManifestFromRegistryMetadata   '1.5.1',
90 silly pickManifestFromRegistryMetadata   '1.5.2',
90 silly pickManifestFromRegistryMetadata   '1.6.0',
90 silly pickManifestFromRegistryMetadata   '1.5.3',
90 silly pickManifestFromRegistryMetadata   '1.6.1',
90 silly pickManifestFromRegistryMetadata   '1.6.2',
90 silly pickManifestFromRegistryMetadata   '1.7.0',
90 silly pickManifestFromRegistryMetadata   '1.8.0',
90 silly pickManifestFromRegistryMetadata   '1.8.1',
90 silly pickManifestFromRegistryMetadata   '1.8.2',
90 silly pickManifestFromRegistryMetadata   '1.8.3',
90 silly pickManifestFromRegistryMetadata   '1.8.4',
90 silly pickManifestFromRegistryMetadata   '1.9.0',
90 silly pickManifestFromRegistryMetadata   '2.0.0',
90 silly pickManifestFromRegistryMetadata   '2.0.1',
90 silly pickManifestFromRegistryMetadata   '2.0.2',
90 silly pickManifestFromRegistryMetadata   '2.0.3',
90 silly pickManifestFromRegistryMetadata   '2.0.4',
90 silly pickManifestFromRegistryMetadata   '2.0.5',
90 silly pickManifestFromRegistryMetadata   '2.0.6',
90 silly pickManifestFromRegistryMetadata   '2.0.7',
90 silly pickManifestFromRegistryMetadata   '2.0.8',
90 silly pickManifestFromRegistryMetadata   '2.0.9',
90 silly pickManifestFromRegistryMetadata   '2.1.0',
90 silly pickManifestFromRegistryMetadata   '2.2.0',
90 silly pickManifestFromRegistryMetadata   '2.2.1',
90 silly pickManifestFromRegistryMetadata   '2.3.0',
90 silly pickManifestFromRegistryMetadata   '2.3.1',
90 silly pickManifestFromRegistryMetadata   '2.3.2',
90 silly pickManifestFromRegistryMetadata   '2.3.3',
90 silly pickManifestFromRegistryMetadata   '2.3.4',
90 silly pickManifestFromRegistryMetadata   '2.3.5',
90 silly pickManifestFromRegistryMetadata   '2.4.0',
90 silly pickManifestFromRegistryMetadata   '2.5.0',
90 silly pickManifestFromRegistryMetadata   '2.5.1' ]
91 silly resolveWithNewModule nan@2.5.1 checking installable status
92 silly cache add args [ 'nan@>=2.0.0', null ]
93 verbose cache add spec nan@>=2.0.0
94 silly cache add parsed spec Result {
94 silly cache add   raw: 'nan@>=2.0.0',
94 silly cache add   scope: null,
94 silly cache add   escapedName: 'nan',
94 silly cache add   name: 'nan',
94 silly cache add   rawSpec: '>=2.0.0',
94 silly cache add   spec: '>=2.0.0',
94 silly cache add   type: 'range' }
95 silly addNamed nan@>=2.0.0
96 verbose addNamed ">=2.0.0" is a valid semver range for nan
97 silly addNameRange { name: 'nan', range: '>=2.0.0', hasData: false }
98 silly mapToRegistry name nan
99 silly mapToRegistry using default registry
100 silly mapToRegistry registry https://registry.npmjs.org/
101 silly mapToRegistry data Result {
101 silly mapToRegistry   raw: 'nan',
101 silly mapToRegistry   scope: null,
101 silly mapToRegistry   escapedName: 'nan',
101 silly mapToRegistry   name: 'nan',
101 silly mapToRegistry   rawSpec: '',
101 silly mapToRegistry   spec: 'latest',
101 silly mapToRegistry   type: 'tag' }
102 silly mapToRegistry uri https://registry.npmjs.org/nan
103 verbose addNameRange registry:https://registry.npmjs.org/nan not in flight; fetching
104 verbose get https://registry.npmjs.org/nan not expired, no request
105 silly addNameRange number 2 { name: 'nan', range: '>=2.0.0', hasData: true }
106 silly addNameRange versions [ 'nan',
106 silly addNameRange   [ '0.3.0-wip',
106 silly addNameRange     '0.3.0-wip2',
106 silly addNameRange     '0.3.0',
106 silly addNameRange     '0.3.1',
106 silly addNameRange     '0.3.2',
106 silly addNameRange     '0.4.0',
106 silly addNameRange     '0.4.1',
106 silly addNameRange     '0.4.2',
106 silly addNameRange     '0.4.3',
106 silly addNameRange     '0.4.4',
106 silly addNameRange     '0.5.0',
106 silly addNameRange     '0.5.1',
106 silly addNameRange     '0.5.2',
106 silly addNameRange     '0.6.0',
106 silly addNameRange     '0.7.0',
106 silly addNameRange     '0.7.1',
106 silly addNameRange     '0.8.0',
106 silly addNameRange     '1.0.0',
106 silly addNameRange     '1.1.0',
106 silly addNameRange     '1.1.1',
106 silly addNameRange     '1.1.2',
106 silly addNameRange     '1.2.0',
106 silly addNameRange     '1.3.0',
106 silly addNameRange     '1.4.0',
106 silly addNameRange     '1.4.1',
106 silly addNameRange     '1.5.0',
106 silly addNameRange     '1.4.2',
106 silly addNameRange     '1.4.3',
106 silly addNameRange     '1.5.1',
106 silly addNameRange     '1.5.2',
106 silly addNameRange     '1.6.0',
106 silly addNameRange     '1.5.3',
106 silly addNameRange     '1.6.1',
106 silly addNameRange     '1.6.2',
106 silly addNameRange     '1.7.0',
106 silly addNameRange     '1.8.0',
106 silly addNameRange     '1.8.1',
106 silly addNameRange     '1.8.2',
106 silly addNameRange     '1.8.3',
106 silly addNameRange     '1.8.4',
106 silly addNameRange     '1.9.0',
106 silly addNameRange     '2.0.0',
106 silly addNameRange     '2.0.1',
106 silly addNameRange     '2.0.2',
106 silly addNameRange     '2.0.3',
106 silly addNameRange     '2.0.4',
106 silly addNameRange     '2.0.5',
106 silly addNameRange     '2.0.6',
106 silly addNameRange     '2.0.7',
106 silly addNameRange     '2.0.8',
106 silly addNameRange     '2.0.9',
106 silly addNameRange     '2.1.0',
106 silly addNameRange     '2.2.0',
106 silly addNameRange     '2.2.1',
106 silly addNameRange     '2.3.0',
106 silly addNameRange     '2.3.1',
106 silly addNameRange     '2.3.2',
106 silly addNameRange     '2.3.3',
106 silly addNameRange     '2.3.4',
106 silly addNameRange     '2.3.5',
106 silly addNameRange     '2.4.0',
106 silly addNameRange     '2.5.0',
106 silly addNameRange     '2.5.1' ] ]
107 silly pickManifestFromRegistryMetadata spec >=2.0.0 tag latest versions [ '0.3.0-wip',
107 silly pickManifestFromRegistryMetadata   '0.3.0-wip2',
107 silly pickManifestFromRegistryMetadata   '0.3.0',
107 silly pickManifestFromRegistryMetadata   '0.3.1',
107 silly pickManifestFromRegistryMetadata   '0.3.2',
107 silly pickManifestFromRegistryMetadata   '0.4.0',
107 silly pickManifestFromRegistryMetadata   '0.4.1',
107 silly pickManifestFromRegistryMetadata   '0.4.2',
107 silly pickManifestFromRegistryMetadata   '0.4.3',
107 silly pickManifestFromRegistryMetadata   '0.4.4',
107 silly pickManifestFromRegistryMetadata   '0.5.0',
107 silly pickManifestFromRegistryMetadata   '0.5.1',
107 silly pickManifestFromRegistryMetadata   '0.5.2',
107 silly pickManifestFromRegistryMetadata   '0.6.0',
107 silly pickManifestFromRegistryMetadata   '0.7.0',
107 silly pickManifestFromRegistryMetadata   '0.7.1',
107 silly pickManifestFromRegistryMetadata   '0.8.0',
107 silly pickManifestFromRegistryMetadata   '1.0.0',
107 silly pickManifestFromRegistryMetadata   '1.1.0',
107 silly pickManifestFromRegistryMetadata   '1.1.1',
107 silly pickManifestFromRegistryMetadata   '1.1.2',
107 silly pickManifestFromRegistryMetadata   '1.2.0',
107 silly pickManifestFromRegistryMetadata   '1.3.0',
107 silly pickManifestFromRegistryMetadata   '1.4.0',
107 silly pickManifestFromRegistryMetadata   '1.4.1',
107 silly pickManifestFromRegistryMetadata   '1.5.0',
107 silly pickManifestFromRegistryMetadata   '1.4.2',
107 silly pickManifestFromRegistryMetadata   '1.4.3',
107 silly pickManifestFromRegistryMetadata   '1.5.1',
107 silly pickManifestFromRegistryMetadata   '1.5.2',
107 silly pickManifestFromRegistryMetadata   '1.6.0',
107 silly pickManifestFromRegistryMetadata   '1.5.3',
107 silly pickManifestFromRegistryMetadata   '1.6.1',
107 silly pickManifestFromRegistryMetadata   '1.6.2',
107 silly pickManifestFromRegistryMetadata   '1.7.0',
107 silly pickManifestFromRegistryMetadata   '1.8.0',
107 silly pickManifestFromRegistryMetadata   '1.8.1',
107 silly pickManifestFromRegistryMetadata   '1.8.2',
107 silly pickManifestFromRegistryMetadata   '1.8.3',
107 silly pickManifestFromRegistryMetadata   '1.8.4',
107 silly pickManifestFromRegistryMetadata   '1.9.0',
107 silly pickManifestFromRegistryMetadata   '2.0.0',
107 silly pickManifestFromRegistryMetadata   '2.0.1',
107 silly pickManifestFromRegistryMetadata   '2.0.2',
107 silly pickManifestFromRegistryMetadata   '2.0.3',
107 silly pickManifestFromRegistryMetadata   '2.0.4',
107 silly pickManifestFromRegistryMetadata   '2.0.5',
107 silly pickManifestFromRegistryMetadata   '2.0.6',
107 silly pickManifestFromRegistryMetadata   '2.0.7',
107 silly pickManifestFromRegistryMetadata   '2.0.8',
107 silly pickManifestFromRegistryMetadata   '2.0.9',
107 silly pickManifestFromRegistryMetadata   '2.1.0',
107 silly pickManifestFromRegistryMetadata   '2.2.0',
107 silly pickManifestFromRegistryMetadata   '2.2.1',
107 silly pickManifestFromRegistryMetadata   '2.3.0',
107 silly pickManifestFromRegistryMetadata   '2.3.1',
107 silly pickManifestFromRegistryMetadata   '2.3.2',
107 silly pickManifestFromRegistryMetadata   '2.3.3',
107 silly pickManifestFromRegistryMetadata   '2.3.4',
107 silly pickManifestFromRegistryMetadata   '2.3.5',
107 silly pickManifestFromRegistryMetadata   '2.4.0',
107 silly pickManifestFromRegistryMetadata   '2.5.0',
107 silly pickManifestFromRegistryMetadata   '2.5.1' ]
108 silly addNamed nan@latest
109 verbose addNamed "latest" is being treated as a dist-tag for nan
110 info addNameTag [ 'nan', 'latest' ]
111 silly mapToRegistry name nan
112 silly mapToRegistry using default registry
113 silly mapToRegistry registry https://registry.npmjs.org/
114 silly mapToRegistry data Result {
114 silly mapToRegistry   raw: 'nan',
114 silly mapToRegistry   scope: null,
114 silly mapToRegistry   escapedName: 'nan',
114 silly mapToRegistry   name: 'nan',
114 silly mapToRegistry   rawSpec: '',
114 silly mapToRegistry   spec: 'latest',
114 silly mapToRegistry   type: 'tag' }
115 silly mapToRegistry uri https://registry.npmjs.org/nan
116 verbose addNameTag registry:https://registry.npmjs.org/nan already in flight; waiting
117 silly addNameTag next cb for nan with tag latest
118 silly addNamed nan@2.5.1
119 verbose addNamed "2.5.1" is a plain semver version for nan
120 silly cache afterAdd nan@2.5.1
121 verbose afterAdd C:\Users\admin\AppData\Roaming\npm-cache\nan\2.5.1\package\package.json not in flight; writing
122 verbose correctMkdir C:\Users\admin\AppData\Roaming\npm-cache correctMkdir not in flight; initializing
123 verbose afterAdd C:\Users\admin\AppData\Roaming\npm-cache\nan\2.5.1\package\package.json written
124 silly loadAllDepsIntoIdealTree Finishing
125 silly loadIdealTree Finishing
126 silly currentTree emrautomation@1.0.0
126 silly currentTree +-- app-root-path@2.0.1
126 silly currentTree +-- collections@5.0.6
126 silly currentTree +-- dyn-require@0.0.3
126 silly currentTree +-- fs-extra@1.0.0
126 silly currentTree +-- graceful-fs@4.1.11
126 silly currentTree +-- jsonfile@2.4.0
126 silly currentTree +-- klaw@1.3.1
126 silly currentTree +-- lodash@4.17.4
126 silly currentTree `-- weak-map@1.0.5
127 silly idealTree emrautomation@1.0.0
127 silly idealTree +-- app-root-path@2.0.1
127 silly idealTree +-- collections@5.0.6
127 silly idealTree +-- dyn-require@0.0.3
127 silly idealTree +-- fs-extra@1.0.0
127 silly idealTree +-- graceful-fs@4.1.11
127 silly idealTree +-- jsonfile@2.4.0
127 silly idealTree +-- klaw@1.3.1
127 silly idealTree +-- lodash@4.17.4
127 silly idealTree +-- nan@2.5.1
127 silly idealTree +-- sleep@5.1.0
127 silly idealTree `-- weak-map@1.0.5
128 silly generateActionsToTake Starting
129 silly install generateActionsToTake
130 silly generateActionsToTake Finishing
131 silly diffTrees action count 2
132 silly diffTrees add nan@2.5.1
133 silly diffTrees add sleep@5.1.0
134 silly decomposeActions action count 16
135 silly decomposeActions fetch nan@2.5.1
136 silly decomposeActions extract nan@2.5.1
137 silly decomposeActions test nan@2.5.1
138 silly decomposeActions preinstall nan@2.5.1
139 silly decomposeActions build nan@2.5.1
140 silly decomposeActions install nan@2.5.1
141 silly decomposeActions postinstall nan@2.5.1
142 silly decomposeActions finalize nan@2.5.1
143 silly decomposeActions fetch sleep@5.1.0
144 silly decomposeActions extract sleep@5.1.0
145 silly decomposeActions test sleep@5.1.0
146 silly decomposeActions preinstall sleep@5.1.0
147 silly decomposeActions build sleep@5.1.0
148 silly decomposeActions install sleep@5.1.0
149 silly decomposeActions postinstall sleep@5.1.0
150 silly decomposeActions finalize sleep@5.1.0
151 silly runTopLevelLifecycles Starting
152 silly executeActions Starting
153 silly install executeActions
154 silly doSerial global-install 0
155 silly doParallel fetch 2
156 verbose correctMkdir C:\Users\admin\AppData\Roaming\npm-cache\_locks correctMkdir not in flight; initializing
157 verbose lock using C:\Users\admin\AppData\Roaming\npm-cache\_locks\staging-16e476e9ed97ddf9.lock for D:\17-3-2017\test automation\node_modules\.staging
158 silly doParallel extract 2
159 silly extract nan@2.5.1
160 silly extract sleep@5.1.0
161 verbose unbuild node_modules\.staging\nan-fbb4021e
162 verbose unbuild node_modules\.staging\sleep-1125db62
163 silly gentlyRm D:\17-3-2017\test automation\node_modules\.staging\nan-fbb4021e is being purged from base D:\17-3-2017\test automation
164 verbose gentlyRm don't care about contents; nuking D:\17-3-2017\test automation\node_modules\.staging\nan-fbb4021e
165 silly gentlyRm D:\17-3-2017\test automation\node_modules\.staging\sleep-1125db62 is being purged from base D:\17-3-2017\test automation
166 verbose gentlyRm don't care about contents; nuking D:\17-3-2017\test automation\node_modules\.staging\sleep-1125db62
167 verbose tar unpack C:\Users\admin\AppData\Roaming\npm-cache\nan\2.5.1\package.tgz
168 verbose tar unpacking to D:\17-3-2017\test automation\node_modules\.staging\nan-fbb4021e
169 silly gentlyRm D:\17-3-2017\test automation\node_modules\.staging\nan-fbb4021e is being purged
170 verbose gentlyRm don't care about contents; nuking D:\17-3-2017\test automation\node_modules\.staging\nan-fbb4021e
171 verbose tar unpack C:\Users\admin\AppData\Roaming\npm-cache\sleep\5.1.0\package.tgz
172 verbose tar unpacking to D:\17-3-2017\test automation\node_modules\.staging\sleep-1125db62
173 silly gentlyRm D:\17-3-2017\test automation\node_modules\.staging\sleep-1125db62 is being purged
174 verbose gentlyRm don't care about contents; nuking D:\17-3-2017\test automation\node_modules\.staging\sleep-1125db62
175 silly gunzTarPerm modes [ '777', '666' ]
176 silly gunzTarPerm modes [ '777', '666' ]
177 silly gunzTarPerm extractEntry package.json
178 silly gunzTarPerm modified mode [ 'package.json', 436, 438 ]
179 silly gunzTarPerm extractEntry package.json
180 silly gunzTarPerm modified mode [ 'package.json', 436, 438 ]
181 silly gunzTarPerm extractEntry README.md
182 silly gunzTarPerm modified mode [ 'README.md', 436, 438 ]
183 silly gunzTarPerm extractEntry .npmignore
184 silly gunzTarPerm modified mode [ '.npmignore', 436, 438 ]
185 silly gunzTarPerm extractEntry README.md
186 silly gunzTarPerm modified mode [ 'README.md', 436, 438 ]
187 silly gunzTarPerm extractEntry include_dirs.js
188 silly gunzTarPerm modified mode [ 'include_dirs.js', 436, 438 ]
189 silly gunzTarPerm extractEntry nan_converters.h
190 silly gunzTarPerm modified mode [ 'nan_converters.h', 436, 438 ]
191 silly gunzTarPerm extractEntry CHANGELOG.md
192 silly gunzTarPerm modified mode [ 'CHANGELOG.md', 436, 438 ]
193 silly gunzTarPerm extractEntry LICENSE.md
194 silly gunzTarPerm modified mode [ 'LICENSE.md', 436, 438 ]
195 silly gunzTarPerm extractEntry test.js
196 silly gunzTarPerm modified mode [ 'test.js', 436, 438 ]
197 silly gunzTarPerm extractEntry index.js
198 silly gunzTarPerm modified mode [ 'index.js', 436, 438 ]
199 silly gunzTarPerm extractEntry doc/node_misc.md
200 silly gunzTarPerm modified mode [ 'doc/node_misc.md', 436, 438 ]
201 silly gunzTarPerm extractEntry LICENSE.txt
202 silly gunzTarPerm modified mode [ 'LICENSE.txt', 436, 438 ]
203 silly gunzTarPerm extractEntry sleep.cc
204 silly gunzTarPerm modified mode [ 'sleep.cc', 436, 438 ]
205 silly gunzTarPerm extractEntry doc/asyncworker.md
206 silly gunzTarPerm modified mode [ 'doc/asyncworker.md', 436, 438 ]
207 silly gunzTarPerm extractEntry doc/callback.md
208 silly gunzTarPerm modified mode [ 'doc/callback.md', 436, 438 ]
209 silly gunzTarPerm extractEntry binding.gyp
210 silly gunzTarPerm modified mode [ 'binding.gyp', 436, 438 ]
211 silly gunzTarPerm extractEntry doc/converters.md
212 silly gunzTarPerm modified mode [ 'doc/converters.md', 436, 438 ]
213 silly gunzTarPerm extractEntry doc/errors.md
214 silly gunzTarPerm modified mode [ 'doc/errors.md', 436, 438 ]
215 silly gunzTarPerm extractEntry doc/maybe_types.md
216 silly gunzTarPerm modified mode [ 'doc/maybe_types.md', 436, 438 ]
217 silly gunzTarPerm extractEntry doc/methods.md
218 silly gunzTarPerm modified mode [ 'doc/methods.md', 436, 438 ]
219 silly gunzTarPerm extractEntry doc/new.md
220 silly gunzTarPerm modified mode [ 'doc/new.md', 436, 438 ]
221 silly gunzTarPerm extractEntry doc/buffers.md
222 silly gunzTarPerm modified mode [ 'doc/buffers.md', 436, 438 ]
223 silly gunzTarPerm extractEntry doc/object_wrappers.md
224 silly gunzTarPerm modified mode [ 'doc/object_wrappers.md', 436, 438 ]
225 silly gunzTarPerm extractEntry doc/persistent.md
226 silly gunzTarPerm modified mode [ 'doc/persistent.md', 436, 438 ]
227 silly gunzTarPerm extractEntry doc/scopes.md
228 silly gunzTarPerm modified mode [ 'doc/scopes.md', 436, 438 ]
229 silly gunzTarPerm extractEntry doc/script.md
230 silly gunzTarPerm modified mode [ 'doc/script.md', 436, 438 ]
231 silly gunzTarPerm extractEntry doc/string_bytes.md
232 silly gunzTarPerm modified mode [ 'doc/string_bytes.md', 436, 438 ]
233 silly gunzTarPerm extractEntry doc/v8_internals.md
234 silly gunzTarPerm modified mode [ 'doc/v8_internals.md', 436, 438 ]
235 silly gunzTarPerm extractEntry doc/v8_misc.md
236 silly gunzTarPerm modified mode [ 'doc/v8_misc.md', 436, 438 ]
237 silly gunzTarPerm extractEntry nan.h
238 silly gunzTarPerm modified mode [ 'nan.h', 436, 438 ]
239 silly gunzTarPerm extractEntry nan_callbacks.h
240 silly gunzTarPerm modified mode [ 'nan_callbacks.h', 436, 438 ]
241 silly gentlyRm D:\17-3-2017\test automation\node_modules\.staging\sleep-1125db62\node_modules is being purged
242 verbose gentlyRm don't care about contents; nuking D:\17-3-2017\test automation\node_modules\.staging\sleep-1125db62\node_modules
243 silly gunzTarPerm extractEntry nan_callbacks_12_inl.h
244 silly gunzTarPerm modified mode [ 'nan_callbacks_12_inl.h', 436, 438 ]
245 silly gunzTarPerm extractEntry nan_callbacks_pre_12_inl.h
246 silly gunzTarPerm modified mode [ 'nan_callbacks_pre_12_inl.h', 436, 438 ]
247 silly gunzTarPerm extractEntry nan_converters_43_inl.h
248 silly gunzTarPerm modified mode [ 'nan_converters_43_inl.h', 436, 438 ]
249 silly gunzTarPerm extractEntry nan_converters_pre_43_inl.h
250 silly gunzTarPerm modified mode [ 'nan_converters_pre_43_inl.h', 436, 438 ]
251 silly gunzTarPerm extractEntry nan_implementation_12_inl.h
252 silly gunzTarPerm modified mode [ 'nan_implementation_12_inl.h', 436, 438 ]
253 silly gunzTarPerm extractEntry nan_implementation_pre_12_inl.h
254 silly gunzTarPerm modified mode [ 'nan_implementation_pre_12_inl.h', 436, 438 ]
255 silly gunzTarPerm extractEntry nan_maybe_43_inl.h
256 silly gunzTarPerm modified mode [ 'nan_maybe_43_inl.h', 436, 438 ]
257 silly gunzTarPerm extractEntry nan_maybe_pre_43_inl.h
258 silly gunzTarPerm modified mode [ 'nan_maybe_pre_43_inl.h', 436, 438 ]
259 silly gunzTarPerm extractEntry nan_new.h
260 silly gunzTarPerm modified mode [ 'nan_new.h', 436, 438 ]
261 silly gunzTarPerm extractEntry nan_object_wrap.h
262 silly gunzTarPerm modified mode [ 'nan_object_wrap.h', 436, 438 ]
263 silly gunzTarPerm extractEntry nan_persistent_12_inl.h
264 silly gunzTarPerm modified mode [ 'nan_persistent_12_inl.h', 436, 438 ]
265 silly gunzTarPerm extractEntry nan_persistent_pre_12_inl.h
266 silly gunzTarPerm modified mode [ 'nan_persistent_pre_12_inl.h', 436, 438 ]
267 silly gunzTarPerm extractEntry nan_private.h
268 silly gunzTarPerm modified mode [ 'nan_private.h', 436, 438 ]
269 silly gunzTarPerm extractEntry nan_string_bytes.h
270 silly gunzTarPerm modified mode [ 'nan_string_bytes.h', 436, 438 ]
271 silly gunzTarPerm extractEntry nan_typedarray_contents.h
272 silly gunzTarPerm modified mode [ 'nan_typedarray_contents.h', 436, 438 ]
273 silly gunzTarPerm extractEntry nan_weak.h
274 silly gunzTarPerm modified mode [ 'nan_weak.h', 436, 438 ]
275 silly gunzTarPerm extractEntry tools/package.json
276 silly gunzTarPerm modified mode [ 'tools/package.json', 436, 438 ]
277 silly gunzTarPerm extractEntry tools/README.md
278 silly gunzTarPerm modified mode [ 'tools/README.md', 436, 438 ]
279 silly gunzTarPerm extractEntry tools/1to2.js
280 silly gunzTarPerm modified mode [ 'tools/1to2.js', 509, 511 ]
281 silly gentlyRm D:\17-3-2017\test automation\node_modules\.staging\nan-fbb4021e\node_modules is being purged
282 verbose gentlyRm don't care about contents; nuking D:\17-3-2017\test automation\node_modules\.staging\nan-fbb4021e\node_modules
283 silly doParallel preinstall 2
284 silly preinstall nan@2.5.1
285 info lifecycle nan@2.5.1~preinstall: nan@2.5.1
286 silly preinstall sleep@5.1.0
287 info lifecycle sleep@5.1.0~preinstall: sleep@5.1.0
288 silly lifecycle nan@2.5.1~preinstall: no script for preinstall, continuing
289 silly lifecycle sleep@5.1.0~preinstall: no script for preinstall, continuing
290 silly doReverseSerial remove 0
291 silly doSerial move 0
292 silly doSerial finalize 2
293 silly finalize D:\17-3-2017\test automation\node_modules\nan
294 silly finalize D:\17-3-2017\test automation\node_modules\sleep
295 silly doSerial build 2
296 silly build nan@2.5.1
297 info linkStuff nan@2.5.1
298 silly linkStuff nan@2.5.1 has D:\17-3-2017\test automation\node_modules as its parent node_modules
299 verbose linkBins nan@2.5.1
300 verbose linkMans nan@2.5.1
301 silly build sleep@5.1.0
302 info linkStuff sleep@5.1.0
303 silly linkStuff sleep@5.1.0 has D:\17-3-2017\test automation\node_modules as its parent node_modules
304 verbose linkBins sleep@5.1.0
305 verbose linkMans sleep@5.1.0
306 silly doSerial global-link 0
307 silly doParallel update-linked 0
308 silly doSerial install 2
309 silly install nan@2.5.1
310 info lifecycle nan@2.5.1~install: nan@2.5.1
311 silly lifecycle nan@2.5.1~install: no script for install, continuing
312 silly install sleep@5.1.0
313 info lifecycle sleep@5.1.0~install: sleep@5.1.0
314 verbose lifecycle sleep@5.1.0~install: unsafe-perm in lifecycle true
315 verbose lifecycle sleep@5.1.0~install: PATH: C:\Program Files\nodejs\node_modules\npm\bin\node-gyp-bin;D:\17-3-2017\test automation\node_modules\sleep\node_modules\.bin;D:\17-3-2017\test automation\node_modules\.bin;C:\ProgramData\Oracle\Java\javapath;C:\Windows\system32;C:\Windows;C:\Windows\System32\Wbem;C:\Windows\System32\WindowsPowerShell\v1.0\;C:\Program Files\nodejs\;C:\Users\admin\AppData\Roaming\npm
316 verbose lifecycle sleep@5.1.0~install: CWD: D:\17-3-2017\test automation\node_modules\sleep
317 silly lifecycle sleep@5.1.0~install: Args: [ '/d /s /c', 'node-gyp rebuild' ]
318 silly lifecycle sleep@5.1.0~install: Returned: code: 1  signal: null
319 info lifecycle sleep@5.1.0~install: Failed to exec install script
320 verbose unlock done using C:\Users\admin\AppData\Roaming\npm-cache\_locks\staging-16e476e9ed97ddf9.lock for D:\17-3-2017\test automation\node_modules\.staging
321 silly rollbackFailedOptional Starting
322 silly gentlyRm D:\17-3-2017\test automation\node_modules\nan is being purged from base D:\17-3-2017\test automation
323 verbose gentlyRm don't care about contents; nuking D:\17-3-2017\test automation\node_modules\nan
324 silly gentlyRm D:\17-3-2017\test automation\node_modules\nan is being purged from base D:\17-3-2017\test automation
325 verbose gentlyRm don't care about contents; nuking D:\17-3-2017\test automation\node_modules\nan
326 silly gentlyRm D:\17-3-2017\test automation\node_modules\nan is being purged from base D:\17-3-2017\test automation
327 verbose gentlyRm don't care about contents; nuking D:\17-3-2017\test automation\node_modules\nan
328 silly gentlyRm D:\17-3-2017\test automation\node_modules\nan is being purged from base D:\17-3-2017\test automation
329 verbose gentlyRm don't care about contents; nuking D:\17-3-2017\test automation\node_modules\nan
330 silly gentlyRm D:\17-3-2017\test automation\node_modules\nan is being purged from base D:\17-3-2017\test automation
331 verbose gentlyRm don't care about contents; nuking D:\17-3-2017\test automation\node_modules\nan
332 silly gentlyRm D:\17-3-2017\test automation\node_modules\nan is being purged from base D:\17-3-2017\test automation
333 verbose gentlyRm don't care about contents; nuking D:\17-3-2017\test automation\node_modules\nan
334 silly gentlyRm D:\17-3-2017\test automation\node_modules\nan is being purged from base D:\17-3-2017\test automation
335 verbose gentlyRm don't care about contents; nuking D:\17-3-2017\test automation\node_modules\nan
336 silly gentlyRm D:\17-3-2017\test automation\node_modules\nan is being purged from base D:\17-3-2017\test automation
337 verbose gentlyRm don't care about contents; nuking D:\17-3-2017\test automation\node_modules\nan
338 silly gentlyRm D:\17-3-2017\test automation\node_modules\sleep is being purged from base D:\17-3-2017\test automation
339 verbose gentlyRm don't care about contents; nuking D:\17-3-2017\test automation\node_modules\sleep
340 silly gentlyRm D:\17-3-2017\test automation\node_modules\sleep is being purged from base D:\17-3-2017\test automation
341 verbose gentlyRm don't care about contents; nuking D:\17-3-2017\test automation\node_modules\sleep
342 silly gentlyRm D:\17-3-2017\test automation\node_modules\sleep is being purged from base D:\17-3-2017\test automation
343 verbose gentlyRm don't care about contents; nuking D:\17-3-2017\test automation\node_modules\sleep
344 silly gentlyRm D:\17-3-2017\test automation\node_modules\sleep is being purged from base D:\17-3-2017\test automation
345 verbose gentlyRm don't care about contents; nuking D:\17-3-2017\test automation\node_modules\sleep
346 silly gentlyRm D:\17-3-2017\test automation\node_modules\sleep is being purged from base D:\17-3-2017\test automation
347 verbose gentlyRm don't care about contents; nuking D:\17-3-2017\test automation\node_modules\sleep
348 silly gentlyRm D:\17-3-2017\test automation\node_modules\sleep is being purged from base D:\17-3-2017\test automation
349 verbose gentlyRm don't care about contents; nuking D:\17-3-2017\test automation\node_modules\sleep
350 silly gentlyRm D:\17-3-2017\test automation\node_modules\sleep is being purged from base D:\17-3-2017\test automation
351 verbose gentlyRm don't care about contents; nuking D:\17-3-2017\test automation\node_modules\sleep
352 silly gentlyRm D:\17-3-2017\test automation\node_modules\sleep is being purged from base D:\17-3-2017\test automation
353 verbose gentlyRm don't care about contents; nuking D:\17-3-2017\test automation\node_modules\sleep
354 silly vacuum-fs purging D:\17-3-2017\test automation\node_modules\nan
355 silly vacuum-fs purging D:\17-3-2017\test automation\node_modules\nan
356 silly vacuum-fs purging D:\17-3-2017\test automation\node_modules\nan
357 silly vacuum-fs purging D:\17-3-2017\test automation\node_modules\nan
358 silly vacuum-fs purging D:\17-3-2017\test automation\node_modules\nan
359 silly vacuum-fs purging D:\17-3-2017\test automation\node_modules\nan
360 silly vacuum-fs purging D:\17-3-2017\test automation\node_modules\nan
361 silly vacuum-fs purging D:\17-3-2017\test automation\node_modules\nan
362 silly vacuum-fs purging D:\17-3-2017\test automation\node_modules\sleep
363 silly vacuum-fs purging D:\17-3-2017\test automation\node_modules\sleep
364 silly vacuum-fs purging D:\17-3-2017\test automation\node_modules\sleep
365 silly vacuum-fs purging D:\17-3-2017\test automation\node_modules\sleep
366 silly vacuum-fs purging D:\17-3-2017\test automation\node_modules\sleep
367 silly vacuum-fs purging D:\17-3-2017\test automation\node_modules\sleep
368 silly vacuum-fs purging D:\17-3-2017\test automation\node_modules\sleep
369 silly vacuum-fs purging D:\17-3-2017\test automation\node_modules\sleep
370 silly vacuum-fs quitting because other entries in D:\17-3-2017\test automation\node_modules
371 silly vacuum-fs quitting because other entries in D:\17-3-2017\test automation\node_modules
372 silly vacuum-fs quitting because other entries in D:\17-3-2017\test automation\node_modules
373 silly vacuum-fs quitting because other entries in D:\17-3-2017\test automation\node_modules
374 silly vacuum-fs quitting because other entries in D:\17-3-2017\test automation\node_modules
375 silly vacuum-fs quitting because other entries in D:\17-3-2017\test automation\node_modules
376 silly vacuum-fs quitting because other entries in D:\17-3-2017\test automation\node_modules
377 silly vacuum-fs quitting because other entries in D:\17-3-2017\test automation\node_modules
378 silly vacuum-fs quitting because other entries in D:\17-3-2017\test automation\node_modules
379 silly vacuum-fs quitting because other entries in D:\17-3-2017\test automation\node_modules
380 silly vacuum-fs quitting because other entries in D:\17-3-2017\test automation\node_modules
381 silly vacuum-fs quitting because other entries in D:\17-3-2017\test automation\node_modules
382 silly vacuum-fs quitting because other entries in D:\17-3-2017\test automation\node_modules
383 silly vacuum-fs quitting because other entries in D:\17-3-2017\test automation\node_modules
384 silly vacuum-fs quitting because other entries in D:\17-3-2017\test automation\node_modules
385 silly vacuum-fs quitting because other entries in D:\17-3-2017\test automation\node_modules
386 silly rollbackFailedOptional Finishing
387 silly runTopLevelLifecycles Finishing
388 silly install printInstalled
389 verbose stack Error: sleep@5.1.0 install: `node-gyp rebuild`
389 verbose stack Exit status 1
389 verbose stack     at EventEmitter.<anonymous> (C:\Program Files\nodejs\node_modules\npm\lib\utils\lifecycle.js:279:16)
389 verbose stack     at emitTwo (events.js:106:13)
389 verbose stack     at EventEmitter.emit (events.js:194:7)
389 verbose stack     at ChildProcess.<anonymous> (C:\Program Files\nodejs\node_modules\npm\lib\utils\spawn.js:40:14)
389 verbose stack     at emitTwo (events.js:106:13)
389 verbose stack     at ChildProcess.emit (events.js:194:7)
389 verbose stack     at maybeClose (internal/child_process.js:899:16)
389 verbose stack     at Process.ChildProcess._handle.onexit (internal/child_process.js:226:5)
390 verbose pkgid sleep@5.1.0
391 verbose cwd D:\17-3-2017\test automation\config
392 error Windows_NT 6.1.7601
393 error argv "C:\\Program Files\\nodejs\\node.exe" "C:\\Program Files\\nodejs\\node_modules\\npm\\bin\\npm-cli.js" "install" "sleep"
394 error node v7.7.2
395 error npm  v4.1.2
396 error code ELIFECYCLE
397 error sleep@5.1.0 install: `node-gyp rebuild`
397 error Exit status 1
398 error Failed at the sleep@5.1.0 install script 'node-gyp rebuild'.
398 error Make sure you have the latest version of node.js and npm installed.
398 error If you do, this is most likely a problem with the sleep package,
398 error not with npm itself.
398 error Tell the author that this fails on your system:
398 error     node-gyp rebuild
398 error You can get information on how to open an issue for this project with:
398 error     npm bugs sleep
398 error Or if that isn't available, you can get their info via:
398 error     npm owner ls sleep
398 error There is likely additional logging output above.
399 verbose exit [ 1, true ]
